источник задания: gen-todo.json
стадия=gen, к обработке: 2373 из 2526
gen Овощная пицца [whole round pizza with toppings, top view] #0
gen Овощная пицца [whole round pizza with toppings, top view] #1
gen Овощная пицца [whole round pizza with toppings, top view] #2
gen Свежевыжатый сок [glass of soft drink with ice] #0
gen Свежевыжатый сок [glass of soft drink with ice] #1
gen Свежевыжатый сок [glass of soft drink with ice] #2
gen Лагман [appetizing plated food dish, restaurant plating] #0
gen Лагман [appetizing plated food dish, restaurant plating] #1
gen Лагман [appetizing plated food dish, restaurant plating] #2
gen Поке с креветками [sushi and rolls on a platter] #0
gen Поке с креветками [sushi and rolls on a platter] #1
gen Поке с креветками [sushi and rolls on a platter] #2
gen Тайга [appetizing plated food dish, restaurant plating] #0
gen Тайга [appetizing plated food dish, restaurant plating] #1
gen Тайга [appetizing plated food dish, restaurant plating] #2
gen Огненный фурай [appetizing plated food dish, restaurant plating] #0
gen Огненный фурай [appetizing plated food dish, restaurant plating] #1
gen Огненный фурай [appetizing plated food dish, restaurant plating] #2
gen Молочный Улун [cup of green tea] #0
gen Молочный Улун [cup of green tea] #1
gen Молочный Улун [cup of green tea] #2
gen Джинджер Эль [appetizing plated food dish, restaurant plating] #0
gen Джинджер Эль [appetizing plated food dish, restaurant plating] #1
gen Джинджер Эль [appetizing plated food dish, restaurant plating] #2
gen Шоколадный мусс [glass of soft drink with ice] #0
gen Шоколадный мусс [glass of soft drink with ice] #1
gen Шоколадный мусс [glass of soft drink with ice] #2
gen Куриные котлеты [roasted chicken dish on a plate] #0
gen Куриные котлеты [roasted chicken dish on a plate] #1
gen Куриные котлеты [roasted chicken dish on a plate] #2
gen Лагман домашний с телятиной [appetizing plated food dish, restaurant plating] #0
gen Лагман домашний с телятиной [appetizing plated food dish, restaurant plating] #1
gen Лагман домашний с телятиной [appetizing plated food dish, restaurant plating] #2
gen "Сяке-сет" [sushi and rolls set on a wooden platter] #0
gen "Сяке-сет" [sushi and rolls set on a wooden platter] #1
gen "Сяке-сет" [sushi and rolls set on a wooden platter] #2
gen Павлова с ягодами [appetizing plated food dish, restaurant plating] #0
gen Павлова с ягодами [appetizing plated food dish, restaurant plating] #1
gen Павлова с ягодами [appetizing plated food dish, restaurant plating] #2
gen Крем-суп сырный [bowl of hot soup] #0
gen Крем-суп сырный [bowl of hot soup] #1
gen Крем-суп сырный [bowl of hot soup] #2
gen Ананас-Манго-Личи без сахара [appetizing plated food dish, restaurant plating] #0
gen Ананас-Манго-Личи без сахара [appetizing plated food dish, restaurant plating] #1
gen Ананас-Манго-Личи без сахара [appetizing plated food dish, restaurant plating] #2
gen Колбаса пепперони с/к D30 [appetizing plated food dish, restaurant plating] #0
gen Колбаса пепперони с/к D30 [appetizing plated food dish, restaurant plating] #1
gen Колбаса пепперони с/к D30 [appetizing plated food dish, restaurant plating] #2
gen Говядина жареная [appetizing plated food dish, restaurant plating] #0
gen Говядина жареная [appetizing plated food dish, restaurant plating] #1
gen Говядина жареная [appetizing plated food dish, restaurant plating] #2
gen Эспрессо двойной [cup of coffee with latte art] #0
gen Эспрессо двойной [cup of coffee with latte art] #1
gen Эспрессо двойной [cup of coffee with latte art] #2
gen Бефстроганов с картофельным пюре [crispy potato fries and nuggets on a plate] #0
gen Бефстроганов с картофельным пюре [crispy potato fries and nuggets on a plate] #1
gen Бефстроганов с картофельным пюре [crispy potato fries and nuggets on a plate] #2
gen Франк Тейсти Джуниор [appetizing plated food dish, restaurant plating] #0
gen Франк Тейсти Джуниор [appetizing plated food dish, restaurant plating] #1
gen Франк Тейсти Джуниор [appetizing plated food dish, restaurant plating] #2
gen суп с вонтонами из курицы [bowl of hot soup] #0
gen суп с вонтонами из курицы [bowl of hot soup] #1
gen суп с вонтонами из курицы [bowl of hot soup] #2
gen Ролл с трюфельным соусом [california sushi rolls with crab and avocado] #0
gen Ролл с трюфельным соусом [california sushi rolls with crab and avocado] #1
gen Ролл с трюфельным соусом [california sushi rolls with crab and avocado] #2
gen Шоколадно-ореховая паста [italian pasta dish in a plate] #0
gen Шоколадно-ореховая паста [italian pasta dish in a plate] #1
gen Шоколадно-ореховая паста [italian pasta dish in a plate] #2
gen Хоппи сидр [appetizing plated food dish, restaurant plating] #0
gen Хоппи сидр [appetizing plated food dish, restaurant plating] #1
gen Хоппи сидр [appetizing plated food dish, restaurant plating] #2
gen Пирожок с яблоком и черной смородиной [baked hand pie pastry] #0
gen Пирожок с яблоком и черной смородиной [baked hand pie pastry] #1
gen Пирожок с яблоком и черной смородиной [baked hand pie pastry] #2
gen Крем-брюле [appetizing plated food dish, restaurant plating] #0
gen Крем-брюле [appetizing plated food dish, restaurant plating] #1
gen Крем-брюле [appetizing plated food dish, restaurant plating] #2
gen Маковая булочка в шоколаде [glass of soft drink with ice] #0
gen Маковая булочка в шоколаде [glass of soft drink with ice] #1
gen Маковая булочка в шоколаде [glass of soft drink with ice] #2
gen Куриный ролл [california sushi rolls with crab and avocado] #0
gen Куриный ролл [california sushi rolls with crab and avocado] #1
gen Куриный ролл [california sushi rolls with crab and avocado] #2
gen Манго и маракуйя [appetizing plated food dish, restaurant plating] #0
gen Манго и маракуйя [appetizing plated food dish, restaurant plating] #1
gen Манго и маракуйя [appetizing plated food dish, restaurant plating] #2
gen Сэндвич с брискетом и соусом чипотле [sauce in a small dipping bowl] #0
gen Сэндвич с брискетом и соусом чипотле [sauce in a small dipping bowl] #1
gen Сэндвич с брискетом и соусом чипотле [sauce in a small dipping bowl] #2
gen Детский Лимонад [glass of soft drink with ice] #0
gen Детский Лимонад [glass of soft drink with ice] #1
gen Детский Лимонад [glass of soft drink with ice] #2
gen Котлета куриная [roasted chicken dish on a plate] #0
gen Котлета куриная [roasted chicken dish on a plate] #1
gen Котлета куриная [roasted chicken dish on a plate] #2
gen Пельмени в бульоне [dumplings on a plate with sour cream] #0
gen Пельмени в бульоне [dumplings on a plate with sour cream] #1
gen Пельмени в бульоне [dumplings on a plate with sour cream] #2
gen Детский картофель по-деревенски [crispy potato fries and nuggets on a plate] #0
gen Детский картофель по-деревенски [crispy potato fries and nuggets on a plate] #1
gen Детский картофель по-деревенски [crispy potato fries and nuggets on a plate] #2
gen Хрусть-Хрусть [appetizing plated food dish, restaurant plating] #0
gen Хрусть-Хрусть [appetizing plated food dish, restaurant plating] #1
gen Хрусть-Хрусть [appetizing plated food dish, restaurant plating] #2
gen Лимонад клубника-базилик [fresh red strawberries with green stems on a plate] #0
gen Лимонад клубника-базилик [fresh red strawberries with green stems on a plate] #1
gen Лимонад клубника-базилик [fresh red strawberries with green stems on a plate] #2
gen Тяхан [appetizing plated food dish, restaurant plating] #0
gen Тяхан [appetizing plated food dish, restaurant plating] #1
gen Тяхан [appetizing plated food dish, restaurant plating] #2
gen Хосе Куэрво Эспесьяль Репосадо [appetizing plated food dish, restaurant plating] #0
gen Хосе Куэрво Эспесьяль Репосадо [appetizing plated food dish, restaurant plating] #1
gen Хосе Куэрво Эспесьяль Репосадо [appetizing plated food dish, restaurant plating] #2
gen Сливовица золотая [appetizing plated food dish, restaurant plating] #0
gen Сливовица золотая [appetizing plated food dish, restaurant plating] #1
gen Сливовица золотая [appetizing plated food dish, restaurant plating] #2
gen Запеканка из фермерского творога Деликатеска [appetizing plated food dish, restaurant plating] #0
gen Запеканка из фермерского творога Деликатеска [appetizing plated food dish, restaurant plating] #1
gen Запеканка из фермерского творога Деликатеска [appetizing plated food dish, restaurant plating] #2
gen Эби спайс [appetizing plated food dish, restaurant plating] #0
gen Эби спайс [appetizing plated food dish, restaurant plating] #1
gen Эби спайс [appetizing plated food dish, restaurant plating] #2
gen Флэт уайт [cup of coffee with latte art] #0
gen Флэт уайт [cup of coffee with latte art] #1
gen Флэт уайт [cup of coffee with latte art] #2
gen Мартини Бьянко [appetizing plated food dish, restaurant plating] #0
gen Мартини Бьянко [appetizing plated food dish, restaurant plating] #1
gen Мартини Бьянко [appetizing plated food dish, restaurant plating] #2
gen Винегрет На компанию [appetizing plated food dish, restaurant plating] #0
gen Винегрет На компанию [appetizing plated food dish, restaurant plating] #1
gen Винегрет На компанию [appetizing plated food dish, restaurant plating] #2
gen Маффин шоколадный [plated dessert] #0
gen Маффин шоколадный [plated dessert] #1
gen Маффин шоколадный [plated dessert] #2
gen Champagne Bollinger Special Cuvee Brut [appetizing plated food dish, restaurant plating] #0
gen Champagne Bollinger Special Cuvee Brut [appetizing plated food dish, restaurant plating] #1
gen Champagne Bollinger Special Cuvee Brut [appetizing plated food dish, restaurant plating] #2
gen Лимонад жимолость и земляника [glass of soft drink with ice] #0
gen Лимонад жимолость и земляника [glass of soft drink with ice] #1
gen Лимонад жимолость и земляника [glass of soft drink with ice] #2
gen Креветка Спайс [seafood dish with fish and shrimp] #0
gen Креветка Спайс [seafood dish with fish and shrimp] #1
gen Креветка Спайс [seafood dish with fish and shrimp] #2
gen Печенье Гречишное [appetizing plated food dish, restaurant plating] #0
gen Печенье Гречишное [appetizing plated food dish, restaurant plating] #1
gen Печенье Гречишное [appetizing plated food dish, restaurant plating] #2
gen Ананас консервированный [appetizing plated food dish, restaurant plating] #0
gen Ананас консервированный [appetizing plated food dish, restaurant plating] #1
gen Ананас консервированный [appetizing plated food dish, restaurant plating] #2
gen Тихоокеанские креветки в соусе чили с кокосом [sauce in a small dipping bowl] #0
gen Тихоокеанские креветки в соусе чили с кокосом [sauce in a small dipping bowl] #1
gen Тихоокеанские креветки в соусе чили с кокосом [sauce in a small dipping bowl] #2
gen Помидоры Черри [appetizing plated food dish, restaurant plating] #0
gen Помидоры Черри [appetizing plated food dish, restaurant plating] #1
gen Помидоры Черри [appetizing plated food dish, restaurant plating] #2
gen Большая лепешка с лисичками и трюфельным кремом [appetizing plated food dish, restaurant plating] #0
gen Большая лепешка с лисичками и трюфельным кремом [appetizing plated food dish, restaurant plating] #1
gen Большая лепешка с лисичками и трюфельным кремом [appetizing plated food dish, restaurant plating] #2
gen Окрошка с колбасой [appetizing plated food dish, restaurant plating] #0
gen Окрошка с колбасой [appetizing plated food dish, restaurant plating] #1
gen Окрошка с колбасой [appetizing plated food dish, restaurant plating] #2
gen Трюфельная пепперони круглая [appetizing plated food dish, restaurant plating] #0
gen Трюфельная пепперони круглая [appetizing plated food dish, restaurant plating] #1
gen Трюфельная пепперони круглая [appetizing plated food dish, restaurant plating] #2
gen Пшённая каша [appetizing plated food dish, restaurant plating] #0
gen Пшённая каша [appetizing plated food dish, restaurant plating] #1
gen Пшённая каша [appetizing plated food dish, restaurant plating] #2
gen Ролл с фруктами [california sushi rolls with crab and avocado] #0
gen Ролл с фруктами [california sushi rolls with crab and avocado] #1
gen Ролл с фруктами [california sushi rolls with crab and avocado] #2
gen Свежевыжатый сок Апельсиновый [glass of soft drink with ice] #0
gen Свежевыжатый сок Апельсиновый [glass of soft drink with ice] #1
gen Свежевыжатый сок Апельсиновый [glass of soft drink with ice] #2
gen Магаданские креветки [seafood dish with fish and shrimp] #0
gen Магаданские креветки [seafood dish with fish and shrimp] #1
gen Магаданские креветки [seafood dish with fish and shrimp] #2
gen Диабло круглая [appetizing plated food dish, restaurant plating] #0
gen Диабло круглая [appetizing plated food dish, restaurant plating] #1
gen Диабло круглая [appetizing plated food dish, restaurant plating] #2
gen Свиные ребрышки BBQ порция [appetizing plated food dish, restaurant plating] #0
gen Свиные ребрышки BBQ порция [appetizing plated food dish, restaurant plating] #1
gen Свиные ребрышки BBQ порция [appetizing plated food dish, restaurant plating] #2
gen Донат с вишневой начинкой [appetizing plated food dish, restaurant plating] #0
gen Донат с вишневой начинкой [appetizing plated food dish, restaurant plating] #1
gen Донат с вишневой начинкой [appetizing plated food dish, restaurant plating] #2
gen Блинчик фри Пина колада [glass of soft drink with ice] #0
gen Блинчик фри Пина колада [glass of soft drink with ice] #1
gen Блинчик фри Пина колада [glass of soft drink with ice] #2
gen Шоколадный торт [plated dessert] #0
gen Шоколадный торт [plated dessert] #1
gen Шоколадный торт [plated dessert] #2
gen Шашлык из курицы [appetizing plated food dish, restaurant plating] #0
gen Шашлык из курицы [appetizing plated food dish, restaurant plating] #1
gen Шашлык из курицы [appetizing plated food dish, restaurant plating] #2
gen Сырная пицца [whole round pizza with toppings, top view] #0
gen Сырная пицца [whole round pizza with toppings, top view] #1
gen Сырная пицца [whole round pizza with toppings, top view] #2
gen Домашняя куриная котлета [roasted chicken dish on a plate] #0
gen Домашняя куриная котлета [roasted chicken dish on a plate] #1
gen Домашняя куриная котлета [roasted chicken dish on a plate] #2
gen Набор из 5 порций [appetizing plated food dish, restaurant plating] #0
gen Набор из 5 порций [appetizing plated food dish, restaurant plating] #1
gen Набор из 5 порций [appetizing plated food dish, restaurant plating] #2
gen Большое торжество [appetizing plated food dish, restaurant plating] #0
gen Большое торжество [appetizing plated food dish, restaurant plating] #1
gen Большое торжество [appetizing plated food dish, restaurant plating] #2
gen Креветки на гриле [seafood dish with fish and shrimp] #0
gen Креветки на гриле [seafood dish with fish and shrimp] #1
gen Креветки на гриле [seafood dish with fish and shrimp] #2
gen Салат куриный сытный [fresh salad in a bowl] #0
gen Салат куриный сытный [fresh salad in a bowl] #1
gen Салат куриный сытный [fresh salad in a bowl] #2
gen Овощи на гриле [appetizing plated food dish, restaurant plating] #0
gen Овощи на гриле [appetizing plated food dish, restaurant plating] #1
gen Овощи на гриле [appetizing plated food dish, restaurant plating] #2
gen Егермейстер ледяной шот [appetizing plated food dish, restaurant plating] #0
gen Егермейстер ледяной шот [appetizing plated food dish, restaurant plating] #1
gen Егермейстер ледяной шот [appetizing plated food dish, restaurant plating] #2
gen Pilsner Uqruell [appetizing plated food dish, restaurant plating] #0
gen Pilsner Uqruell [appetizing plated food dish, restaurant plating] #1
gen Pilsner Uqruell [appetizing plated food dish, restaurant plating] #2
gen Трайфл с лососем [seafood dish with fish and shrimp] #0
gen Трайфл с лососем [seafood dish with fish and shrimp] #1
gen Трайфл с лососем [seafood dish with fish and shrimp] #2
gen Зеленый и травяной листовой чай [cup of green tea] #0
gen Зеленый и травяной листовой чай [cup of green tea] #1
gen Зеленый и травяной листовой чай [cup of green tea] #2
gen Паста ракушки по–флотски [italian pasta dish in a plate] #0
gen Паста ракушки по–флотски [italian pasta dish in a plate] #1
gen Паста ракушки по–флотски [italian pasta dish in a plate] #2
gen Пилснер [appetizing plated food dish, restaurant plating] #0
gen Пилснер [appetizing plated food dish, restaurant plating] #1
gen Пилснер [appetizing plated food dish, restaurant plating] #2
gen С креветками [seafood dish with fish and shrimp] #0
gen С креветками [seafood dish with fish and shrimp] #1
gen С креветками [seafood dish with fish and shrimp] #2
gen Холодный Латте [cup of coffee with latte art] #0
gen Холодный Латте [cup of coffee with latte art] #1
gen Холодный Латте [cup of coffee with latte art] #2
gen Цезарь с глазуньей [fresh salad in a bowl] #0
gen Цезарь с глазуньей [fresh salad in a bowl] #1
gen Цезарь с глазуньей [fresh salad in a bowl] #2
gen Филадельфия Прайм [appetizing plated food dish, restaurant plating] #0
gen Филадельфия Прайм [appetizing plated food dish, restaurant plating] #1
gen Филадельфия Прайм [appetizing plated food dish, restaurant plating] #2
gen Лосось слабосоленый [seafood dish with fish and shrimp] #0
gen Лосось слабосоленый [seafood dish with fish and shrimp] #1
gen Лосось слабосоленый [seafood dish with fish and shrimp] #2
gen Орекьетте со сморчками и сыром страчателла [appetizing plated food dish, restaurant plating] #0
gen Орекьетте со сморчками и сыром страчателла [appetizing plated food dish, restaurant plating] #1
gen Орекьетте со сморчками и сыром страчателла [appetizing plated food dish, restaurant plating] #2
gen То самое шоколадное печенье [glass of soft drink with ice] #0
gen То самое шоколадное печенье [glass of soft drink with ice] #1
gen То самое шоколадное печенье [glass of soft drink with ice] #2
gen Большая лепешка на закваске с Чилийским лососем [seafood dish with fish and shrimp] #0
gen Большая лепешка на закваске с Чилийским лососем [seafood dish with fish and shrimp] #1
gen Большая лепешка на закваске с Чилийским лососем [seafood dish with fish and shrimp] #2
gen Торт Чизкейк [plated dessert] #0
gen Торт Чизкейк [plated dessert] #1
gen Торт Чизкейк [plated dessert] #2
gen Сметанная заправка [appetizing plated food dish, restaurant plating] #0
gen Сметанная заправка [appetizing plated food dish, restaurant plating] #1
gen Сметанная заправка [appetizing plated food dish, restaurant plating] #2
gen Топинки [appetizing plated food dish, restaurant plating] #0
gen Топинки [appetizing plated food dish, restaurant plating] #1
gen Топинки [appetizing plated food dish, restaurant plating] #2
gen Устрица Фин де Клер [appetizing plated food dish, restaurant plating] #0
gen Устрица Фин де Клер [appetizing plated food dish, restaurant plating] #1
gen Устрица Фин де Клер [appetizing plated food dish, restaurant plating] #2
gen Салат с черносливом и куриным филе [fresh salad in a bowl] #0
gen Салат с черносливом и куриным филе [fresh salad in a bowl] #1
gen Салат с черносливом и куриным филе [fresh salad in a bowl] #2
gen Канапе с голубым сыром [appetizing plated food dish, restaurant plating] #0
gen Канапе с голубым сыром [appetizing plated food dish, restaurant plating] #1
gen Канапе с голубым сыром [appetizing plated food dish, restaurant plating] #2
gen Ролл Канада [california sushi rolls with crab and avocado] #0
gen Ролл Канада [california sushi rolls with crab and avocado] #1
gen Ролл Канада [california sushi rolls with crab and avocado] #2
gen Сырные палочки моцарелла [appetizing plated food dish, restaurant plating] #0
gen Сырные палочки моцарелла [appetizing plated food dish, restaurant plating] #1
gen Сырные палочки моцарелла [appetizing plated food dish, restaurant plating] #2
gen Самса с бараниной [uzbek samsa baked meat pastry] #0
gen Самса с бараниной [uzbek samsa baked meat pastry] #1
gen Самса с бараниной [uzbek samsa baked meat pastry] #2
gen Колбаска из говядины и свинины [appetizing plated food dish, restaurant plating] #0
gen Колбаска из говядины и свинины [appetizing plated food dish, restaurant plating] #1
gen Колбаска из говядины и свинины [appetizing plated food dish, restaurant plating] #2
gen Кани гункан [appetizing plated food dish, restaurant plating] #0
gen Кани гункан [appetizing plated food dish, restaurant plating] #1
gen Кани гункан [appetizing plated food dish, restaurant plating] #2
gen Lay's бургер [gourmet burger on a bun with fries] #0
gen Lay's бургер [gourmet burger on a bun with fries] #1
gen Lay's бургер [gourmet burger on a bun with fries] #2
gen Блин классический с маслом [russian pancakes with sour cream and berries] #0
gen Блин классический с маслом [russian pancakes with sour cream and berries] #1
gen Блин классический с маслом [russian pancakes with sour cream and berries] #2
gen Филадельфия лайт [appetizing plated food dish, restaurant plating] #0
gen Филадельфия лайт [appetizing plated food dish, restaurant plating] #1
gen Филадельфия лайт [appetizing plated food dish, restaurant plating] #2
gen Пицца Фирменный Цезарь на традиционном тесте [whole round pizza with toppings, top view] #0
gen Пицца Фирменный Цезарь на традиционном тесте [whole round pizza with toppings, top view] #1
gen Пицца Фирменный Цезарь на традиционном тесте [whole round pizza with toppings, top view] #2
gen Говяжьи котлеты с картофельным пюре [crispy potato fries and nuggets on a plate] #0
gen Говяжьи котлеты с картофельным пюре [crispy potato fries and nuggets on a plate] #1
gen Говяжьи котлеты с картофельным пюре [crispy potato fries and nuggets on a plate] #2
gen Айс-Латте [cup of coffee with latte art] #0
gen Айс-Латте [cup of coffee with latte art] #1
gen Айс-Латте [cup of coffee with latte art] #2
gen Квас Яхонт Трапезный [appetizing plated food dish, restaurant plating] #0
gen Квас Яхонт Трапезный [appetizing plated food dish, restaurant plating] #1
gen Квас Яхонт Трапезный [appetizing plated food dish, restaurant plating] #2
gen Том Ям с креветками [tom yum soup with shrimp and lime] #0
gen Том Ям с креветками [tom yum soup with shrimp and lime] #1
gen Том Ям с креветками [tom yum soup with shrimp and lime] #2
gen Ножки кролика передние ~ [appetizing plated food dish, restaurant plating] #0
gen Ножки кролика передние ~ [appetizing plated food dish, restaurant plating] #1
gen Ножки кролика передние ~ [appetizing plated food dish, restaurant plating] #2
gen Лимонад Малина-маракуйя [glass of soft drink with ice] #0
gen Лимонад Малина-маракуйя [glass of soft drink with ice] #1
gen Лимонад Малина-маракуйя [glass of soft drink with ice] #2
gen Мясная смесь D30 [appetizing plated food dish, restaurant plating] #0
gen Мясная смесь D30 [appetizing plated food dish, restaurant plating] #1
gen Мясная смесь D30 [appetizing plated food dish, restaurant plating] #2
gen Манты с бараниной [appetizing plated food dish, restaurant plating] #0
gen Манты с бараниной [appetizing plated food dish, restaurant plating] #1
gen Манты с бараниной [appetizing plated food dish, restaurant plating] #2
gen Лимонад Скай блю [glass of soft drink with ice] #0
gen Лимонад Скай блю [glass of soft drink with ice] #1
gen Лимонад Скай блю [glass of soft drink with ice] #2
gen Салат капустный с огурцом [pickled cucumbers on a plate] #0
gen Салат капустный с огурцом [pickled cucumbers on a plate] #1
gen Салат капустный с огурцом [pickled cucumbers on a plate] #2
gen Зелёный микс [appetizing plated food dish, restaurant plating] #0
gen Зелёный микс [appetizing plated food dish, restaurant plating] #1
gen Зелёный микс [appetizing plated food dish, restaurant plating] #2
gen Овощная смесь D36 [appetizing plated food dish, restaurant plating] #0
gen Овощная смесь D36 [appetizing plated food dish, restaurant plating] #1
gen Овощная смесь D36 [appetizing plated food dish, restaurant plating] #2
gen Сякэ [appetizing plated food dish, restaurant plating] #0
gen Сякэ [appetizing plated food dish, restaurant plating] #1
gen Сякэ [appetizing plated food dish, restaurant plating] #2
gen Цитрусовый Гимлет [appetizing plated food dish, restaurant plating] #0
gen Цитрусовый Гимлет [appetizing plated food dish, restaurant plating] #1
gen Цитрусовый Гимлет [appetizing plated food dish, restaurant plating] #2
gen BIG Медвежья радость [appetizing plated food dish, restaurant plating] #0
gen BIG Медвежья радость [appetizing plated food dish, restaurant plating] #1
gen BIG Медвежья радость [appetizing plated food dish, restaurant plating] #2
gen Свекольник с говядиной [cold beet soup with sour cream] #0
gen Свекольник с говядиной [cold beet soup with sour cream] #1
gen Свекольник с говядиной [cold beet soup with sour cream] #2
gen Вафля сладкая стандарт [appetizing plated food dish, restaurant plating] #0
gen Вафля сладкая стандарт [appetizing plated food dish, restaurant plating] #1
gen Вафля сладкая стандарт [appetizing plated food dish, restaurant plating] #2
gen Тефтели мясные Домашние ~ [appetizing plated food dish, restaurant plating] #0
gen Тефтели мясные Домашние ~ [appetizing plated food dish, restaurant plating] #1
gen Тефтели мясные Домашние ~ [appetizing plated food dish, restaurant plating] #2
gen Овощные палочки [appetizing plated food dish, restaurant plating] #0
gen Овощные палочки [appetizing plated food dish, restaurant plating] #1
gen Овощные палочки [appetizing plated food dish, restaurant plating] #2
gen Хрустящий лосось [seafood dish with fish and shrimp] #0
gen Хрустящий лосось [seafood dish with fish and shrimp] #1
gen Хрустящий лосось [seafood dish with fish and shrimp] #2
gen Сырный борт 30 [appetizing plated food dish, restaurant plating] #0
gen Сырный борт 30 [appetizing plated food dish, restaurant plating] #1
gen Сырный борт 30 [appetizing plated food dish, restaurant plating] #2
gen Гедза с лососем и креветками [seafood dish with fish and shrimp] #0
gen Гедза с лососем и креветками [seafood dish with fish and shrimp] #1
gen Гедза с лососем и креветками [seafood dish with fish and shrimp] #2
gen Просто авокадо [appetizing plated food dish, restaurant plating] #0
gen Просто авокадо [appetizing plated food dish, restaurant plating] #1
gen Просто авокадо [appetizing plated food dish, restaurant plating] #2
gen Фреш Яблочный [appetizing plated food dish, restaurant plating] #0
gen Фреш Яблочный [appetizing plated food dish, restaurant plating] #1
gen Фреш Яблочный [appetizing plated food dish, restaurant plating] #2
gen Кайсо [appetizing plated food dish, restaurant plating] #0
gen Кайсо [appetizing plated food dish, restaurant plating] #1
gen Кайсо [appetizing plated food dish, restaurant plating] #2
gen Яблоко печеное [appetizing plated food dish, restaurant plating] #0
gen Яблоко печеное [appetizing plated food dish, restaurant plating] #1
gen Яблоко печеное [appetizing plated food dish, restaurant plating] #2
gen Протеиновый коктейль Голубая спирулина [appetizing plated food dish, restaurant plating] #0
gen Протеиновый коктейль Голубая спирулина [appetizing plated food dish, restaurant plating] #1
gen Протеиновый коктейль Голубая спирулина [appetizing plated food dish, restaurant plating] #2
gen Аво соло [appetizing plated food dish, restaurant plating] #0
