=== cafemumu.ru ===
=== chaihona.ru ===
=== chiho.ru ===
=== citypizza.ru ===
citypizza.ru: 2 venues × 27 items → +0 new items, 46 menu links (APPROVED)
=== coffeemania.ru ===
=== daglavka.com ===
=== delikateska.ru ===
=== dodopizza.ru ===
dodopizza.ru: 131 venues × 182 items → +2 new items, 524 menu links (APPROVED)
=== dominopizza.ru ===
dominopizza.ru: 39 venues × 21 items → +1 new items, 39 menu links (APPROVED)
=== dominospizza.ru ===
dominospizza.ru: 6 venues × 21 items → +0 new items, 6 menu links (APPROVED)
=== franklins.ru ===
franklins.ru: 28 venues × 103 items → +1 new items, 28 menu links (APPROVED)
=== ilpatio.ru ===
ilpatio.ru: 31 venues × 14 items → +0 new items, 0 menu links (APPROVED)
=== karavaevi.ru ===
karavaevi.ru: 72 venues × 106 items → +5 new items, 360 menu links (APPROVED)
=== korchma.ru ===
korchma.ru: 14 venues × 25 items → +2 new items, 28 menu links (APPROVED)
=== lcpizza.ru ===
lcpizza.ru: 4 venues × 154 items → +4 new items, 24 menu links (APPROVED)
=== mezhdubulok.ru ===
mezhdubulok.ru: 4 venues × 38 items → +3 new items, 20 menu links (APPROVED)
=== mnogolososya.ru ===
mnogolososya.ru: 7 venues × 105 items → +2 new items, 14 menu links (APPROVED)
=== moskva.sushi-master.ru ===
moskva.sushi-master.ru: 3 venues × 27 items → +0 new items, 0 menu links (APPROVED)
=== msk.stolle.ru ===
msk.stolle.ru: 19 venues × 123 items → +9 new items, 209 menu links (APPROVED)
=== niyama.ru ===
niyama.ru: 11 venues × 9 items → +0 new items, 0 menu links (APPROVED)
=== papajohns.ru ===
papajohns.ru: 45 venues × 29 items → +0 new items, 0 menu links (APPROVED)
=== pilsner.ru ===
pilsner.ru: 4 venues × 223 items → +4 new items, 28 menu links (APPROVED)
=== pizzahut.ru ===
pizzahut.ru: 26 venues × 103 items → +21 new items, 687 menu links (APPROVED)
=== pizzapaolo.ru ===
pizzapaolo.ru: 5 venues × 52 items → +5 new items, 79 menu links (APPROVED)
=== ramen.moscow ===
ramen.moscow: 5 venues × 8 items → +0 new items, 0 menu links (APPROVED)
=== skuratovcoffee.ru ===
skuratovcoffee.ru: 14 venues × 26 items → +5 new items, 84 menu links (APPROVED)
=== steakiteasy.ru ===
steakiteasy.ru: 3 venues × 170 items → +6 new items, 21 menu links (APPROVED)
=== syrovarnya.com ===
syrovarnya.com: 9 venues × 132 items → +13 new items, 162 menu links (APPROVED)
=== thebull.ru ===
thebull.ru: 22 venues × 157 items → +7 new items, 264 menu links (APPROVED)
=== uryk.ru ===
uryk.ru: 7 venues × 10 items → +2 new items, 21 menu links (APPROVED)
=== vaffel.ru ===
vaffel.ru: 3 venues × 158 items → +4 new items, 24 menu links (APPROVED)
=== vkusnoitochka.ru ===
=== wolkonsky.com ===
wolkonsky.com: 14 venues × 24 items → +4 new items, 89 menu links (APPROVED)
=== yakitoriya.ru ===
yakitoriya.ru: 35 venues × 193 items → +4 new items, 245 menu links (APPROVED)
=== yanprimus.ru ===
yanprimus.ru: 5 venues × 64 items → +2 new items, 20 menu links (APPROVED)
=== zotmanpizza.ru ===
zotmanpizza.ru: 21 venues × 204 items → +8 new items, 252 menu links (APPROVED)
=== ВСЕ ДОМЕНЫ ОБРАБОТАНЫ ===
