to check: 740 (ledger has 0 already checked)
pass 1/2: vision — describing photos…
pass 2/2: matching 708 descriptions…
  replaced «Матча Тоник» [другой ингредиент] (was: "iced green tea with a slice of orange on top and a")
  replaced «Вареники с вишней» [другой ингредиент] (was: "iced tea with a dollop of whipped cream on top, se")
  replaced «Волковский лимонад Волчок "Персик"» [другой ингредиент] (was: "iced tea with orange and green fruit illustrations")
  replaced «Вода питьевая БонаАква газированная» [не еда] (was: "iced water bottle with a blue cap and green logo, ")
  replaced «Матча капучино» [другой ингредиент] (was: "iced green tea with a white leaf design on top, se")
  replaced «Детский Лимонад» [другой ингредиент] (was: "iced tea with a slice of lime on top, served in a ")
  replaced «Кофе в зёрнах Йемен Аль Хайма» [не еда] (was: "urn of coffee beans with a red label and orange de")
  replaced «Лесной сбор весовой» [не еда] (was: "iced tea bag with a gold leaf design and text "kob")
  replaced «Клубника, протёртая с сахаром» [другой ингредиент] (was: "iced tea with a red sauce on top, served in a whit")
  replaced «Ванильное облако» [не еда] (was: "iced coffee with a cartoon bear on top, served in ")
  replaced «Spaten» [не еда] (was: "iced tea with a red and white shield on top, spate")
  replaced «Крем Сода «Кофемания»» [другой ингредиент] (was: "iced tea with ice cubes and a yellow label reading")
  replaced «Детские колбаски» [не еда] (was: "iced tea with a cartoon character on the glass")
  replaced «Жасмин «птичьи язычки» весовой» [не еда] (was: "iced tea bags with a gold leaf design and text "ko")
  replaced «Мини-пельмени» [не еда] (was: "urn of yellow and white liquid with a cartoon char")
  replaced «Грейпфрутовый свежевыжатый сок» [другой ингредиент] (was: "iced tea with a red liquid inside of a glass cup.")
  replaced «Волковский лимонад Волчок "Грейпфрут-Гибискус"» [другой ингредиент] (was: "iced tea with a green label and red and white desi")
  replaced «Лимонад Тархун» [другой ингредиент] (was: "iced tea with mint and ice cubes on a wooden table")
  replaced «Гарденист Аранчата Rossa» [не еда] (was: "iced tea bottle with a red label and white cap, fe")
  replaced «Кофе в зёрнах Боливия Аласитас» [не еда] (was: "urn of coffee with a red and orange gradient backg")
  replaced «Milaf cola» [не еда] (was: "iced tea can with a green label and white text rea")
  replaced «Цинандали» [не еда] (was: "urns of water on a table outside a building with a")
  replaced «Дрип-пакеты «Кофемания»,» [другой ингредиент] (was: "iced tea bags with a silver foil bag and a yellow ")
  replaced «Морс живая ягода вишневый» [другой ингредиент] (was: "iced tea with a red liquid and white cap, labeled ")
  replaced «Апельсиновый бамбл кофе» [другой ингредиент] (was: "iced kiwi smoothie with a straw and a price tag of")
  replaced «Малиновый кофе» [другой ингредиент] (was: "iced tea with a strawberry slice on top, served in")
  replaced «Те Гуаньинь весовой» [не еда] (was: "iced tea bags with a gold leaf design and text "ko")
undo log: prisma/photo-check-undo.json (27 entries)

checked 740: ok 653, replaced 27, errors 32
